init
Fri Jun 24 17:16:05 PDT 2016 /Users/Adam/Documents/Research/RKQC/scripts/build param: -DBUILD_UNSTABLE=ON -DBUILD_EXAMPLES=ON -DBUILD_BINDINGS=OFF
-DBUILD_BINDINGS=OFF -DBUILD_UNSTABLE=ON -DBUILD_EXAMPLES=ON
-- Configuring done
-- Generating done
-- Build files have been written to: /Users/Adam/Documents/Research/RKQC/build
[  4%] Built target revkit_unstable
[ 95%] Built target revkit_core
Scanning dependencies of target e007_multiplier
[ 97%] Building CXX object examples/CMakeFiles/e007_multiplier.dir/e007_multiplier.cpp.o
In file included from /Users/Adam/Documents/Research/RKQC/src/examples/e007_multiplier.cpp:20:
In file included from /Users/Adam/Documents/Research/RKQC/src/core/circuit.hpp:43:
/usr/local/include/boost/signal.hpp:17:4: warning: "Boost.Signals is no longer being maintained and is now deprecated. Please switch to Boost.Signals2. To disable this warning message, define BOOST_SIGNALS_NO_DEPRECATION_WARNING." [-W#warnings]
#  warning                  "Boost.Signals is no longer being maintained and is now deprecated. Please switch to Boost.Signals2. To disable this warning message, define BOOST_SIGNALS_NO_DEPRECATION_WARNING."
   ^
1 warning generated.
[100%] Linking CXX executable e007_multiplier
ld: warning: directory not found for option '-L/Users/Adam/Documents/Research/RKQC/src/../libs/lib'
ld: warning: directory not found for option '-L/Users/Adam/Documents/Research/RKQC/src/libs/lib'
[100%] Built target e007_multiplier
rm: revkit.py: No such file or directory
rm: revkit_python.so: No such file or directory
rm: revkitmath.py: No such file or directory
rm: revkitui.py: No such file or directory
